  DiamondSquare.cpp
C:\Users\RobHa\Desktop\Uniwork\Year 3\CSC3095 - Dissertation\Code\Dissertation\Common\MeshGeometry.h(48,1): warning C4267: 'return': conversion from 'size_t' to 'unsigned int', possible loss of data
C:\Users\RobHa\Desktop\Uniwork\Year 3\CSC3095 - Dissertation\Code\Dissertation\Common\MeshGeometry.h(52,1): warning C4267: 'return': conversion from 'size_t' to 'unsigned int', possible loss of data
C:\Users\RobHa\Desktop\Uniwork\Year 3\CSC3095 - Dissertation\Code\Dissertation\CSC3223\Dissertation\DiamondSquare.cpp(37,15): warning C4244: 'argument': conversion from 'time_t' to 'unsigned int', possible loss of data
C:\Users\RobHa\Desktop\Uniwork\Year 3\CSC3095 - Dissertation\Code\Dissertation\CSC3223\Dissertation\DiamondSquare.cpp(40,58): warning C4244: 'argument': conversion from 'int' to 'float', possible loss of data
C:\Users\RobHa\Desktop\Uniwork\Year 3\CSC3095 - Dissertation\Code\Dissertation\CSC3223\Dissertation\DiamondSquare.cpp(41,66): warning C4244: 'argument': conversion from 'int' to 'float', possible loss of data
C:\Users\RobHa\Desktop\Uniwork\Year 3\CSC3095 - Dissertation\Code\Dissertation\CSC3223\Dissertation\DiamondSquare.cpp(42,65): warning C4244: 'argument': conversion from 'int' to 'float', possible loss of data
C:\Users\RobHa\Desktop\Uniwork\Year 3\CSC3095 - Dissertation\Code\Dissertation\CSC3223\Dissertation\DiamondSquare.cpp(43,79): warning C4244: 'argument': conversion from 'int' to 'float', possible loss of data
C:\Users\RobHa\Desktop\Uniwork\Year 3\CSC3095 - Dissertation\Code\Dissertation\CSC3223\Dissertation\DiamondSquare.cpp(57,19): warning C4244: 'initializing': conversion from 'float' to 'int', possible loss of data
C:\Users\RobHa\Desktop\Uniwork\Year 3\CSC3095 - Dissertation\Code\Dissertation\CSC3223\Dissertation\DiamondSquare.cpp(66,15): warning C4244: 'initializing': conversion from 'float' to 'int', possible loss of data
C:\Users\RobHa\Desktop\Uniwork\Year 3\CSC3095 - Dissertation\Code\Dissertation\CSC3223\Dissertation\DiamondSquare.cpp(84,54): warning C4244: 'argument': conversion from 'int' to 'float', possible loss of data
C:\Users\RobHa\Desktop\Uniwork\Year 3\CSC3095 - Dissertation\Code\Dissertation\CSC3223\Dissertation\DiamondSquare.cpp(84,39): warning C4244: 'argument': conversion from 'int' to 'float', possible loss of data
C:\Users\RobHa\Desktop\Uniwork\Year 3\CSC3095 - Dissertation\Code\Dissertation\CSC3223\Dissertation\DiamondSquare.cpp(85,57): warning C4244: 'argument': conversion from 'int' to 'float', possible loss of data
C:\Users\RobHa\Desktop\Uniwork\Year 3\CSC3095 - Dissertation\Code\Dissertation\CSC3223\Dissertation\DiamondSquare.cpp(85,43): warning C4244: 'argument': conversion from 'int' to 'float', possible loss of data
C:\Users\RobHa\Desktop\Uniwork\Year 3\CSC3095 - Dissertation\Code\Dissertation\CSC3223\Dissertation\DiamondSquare.cpp(86,54): warning C4244: 'argument': conversion from 'int' to 'float', possible loss of data
C:\Users\RobHa\Desktop\Uniwork\Year 3\CSC3095 - Dissertation\Code\Dissertation\CSC3223\Dissertation\DiamondSquare.cpp(86,39): warning C4244: 'argument': conversion from 'int' to 'float', possible loss of data
C:\Users\RobHa\Desktop\Uniwork\Year 3\CSC3095 - Dissertation\Code\Dissertation\CSC3223\Dissertation\DiamondSquare.cpp(87,57): warning C4244: 'argument': conversion from 'int' to 'float', possible loss of data
C:\Users\RobHa\Desktop\Uniwork\Year 3\CSC3095 - Dissertation\Code\Dissertation\CSC3223\Dissertation\DiamondSquare.cpp(87,43): warning C4244: 'argument': conversion from 'int' to 'float', possible loss of data
C:\Users\RobHa\Desktop\Uniwork\Year 3\CSC3095 - Dissertation\Code\Dissertation\CSC3223\Dissertation\DiamondSquare.cpp(93,64): warning C4244: 'argument': conversion from 'float' to 'int', possible loss of data
C:\Users\RobHa\Desktop\Uniwork\Year 3\CSC3095 - Dissertation\Code\Dissertation\CSC3223\Dissertation\DiamondSquare.cpp(93,44): warning C4244: 'argument': conversion from 'float' to 'int', possible loss of data
C:\Users\RobHa\Desktop\Uniwork\Year 3\CSC3095 - Dissertation\Code\Dissertation\CSC3223\Dissertation\DiamondSquare.cpp(94,38): warning C4244: 'argument': conversion from 'float' to 'const int', possible loss of data
C:\Users\RobHa\Desktop\Uniwork\Year 3\CSC3095 - Dissertation\Code\Dissertation\CSC3223\Dissertation\DiamondSquare.cpp(94,58): warning C4244: 'argument': conversion from 'float' to 'int', possible loss of data
C:\Users\RobHa\Desktop\Uniwork\Year 3\CSC3095 - Dissertation\Code\Dissertation\CSC3223\Dissertation\DiamondSquare.cpp(100,67): warning C4244: 'argument': conversion from 'float' to 'int', possible loss of data
C:\Users\RobHa\Desktop\Uniwork\Year 3\CSC3095 - Dissertation\Code\Dissertation\CSC3223\Dissertation\DiamondSquare.cpp(100,48): warning C4244: 'argument': conversion from 'float' to 'int', possible loss of data
C:\Users\RobHa\Desktop\Uniwork\Year 3\CSC3095 - Dissertation\Code\Dissertation\CSC3223\Dissertation\DiamondSquare.cpp(101,42): warning C4244: 'argument': conversion from 'float' to 'int', possible loss of data
C:\Users\RobHa\Desktop\Uniwork\Year 3\CSC3095 - Dissertation\Code\Dissertation\CSC3223\Dissertation\DiamondSquare.cpp(101,61): warning C4244: 'argument': conversion from 'float' to 'const int', possible loss of data
C:\Users\RobHa\Desktop\Uniwork\Year 3\CSC3095 - Dissertation\Code\Dissertation\CSC3223\Dissertation\DiamondSquare.cpp(107,64): warning C4244: 'argument': conversion from 'float' to 'int', possible loss of data
C:\Users\RobHa\Desktop\Uniwork\Year 3\CSC3095 - Dissertation\Code\Dissertation\CSC3223\Dissertation\DiamondSquare.cpp(107,44): warning C4244: 'argument': conversion from 'float' to 'int', possible loss of data
C:\Users\RobHa\Desktop\Uniwork\Year 3\CSC3095 - Dissertation\Code\Dissertation\CSC3223\Dissertation\DiamondSquare.cpp(108,38): warning C4244: 'argument': conversion from 'float' to 'const int', possible loss of data
C:\Users\RobHa\Desktop\Uniwork\Year 3\CSC3095 - Dissertation\Code\Dissertation\CSC3223\Dissertation\DiamondSquare.cpp(108,58): warning C4244: 'argument': conversion from 'float' to 'int', possible loss of data
C:\Users\RobHa\Desktop\Uniwork\Year 3\CSC3095 - Dissertation\Code\Dissertation\CSC3223\Dissertation\DiamondSquare.cpp(114,67): warning C4244: 'argument': conversion from 'float' to 'int', possible loss of data
C:\Users\RobHa\Desktop\Uniwork\Year 3\CSC3095 - Dissertation\Code\Dissertation\CSC3223\Dissertation\DiamondSquare.cpp(114,48): warning C4244: 'argument': conversion from 'float' to 'int', possible loss of data
C:\Users\RobHa\Desktop\Uniwork\Year 3\CSC3095 - Dissertation\Code\Dissertation\CSC3223\Dissertation\DiamondSquare.cpp(115,42): warning C4244: 'argument': conversion from 'float' to 'int', possible loss of data
C:\Users\RobHa\Desktop\Uniwork\Year 3\CSC3095 - Dissertation\Code\Dissertation\CSC3223\Dissertation\DiamondSquare.cpp(115,61): warning C4244: 'argument': conversion from 'float' to 'const int', possible loss of data
C:\Users\RobHa\Desktop\Uniwork\Year 3\CSC3095 - Dissertation\Code\Dissertation\CSC3223\Dissertation\DiamondSquare.cpp(128,25): warning C4244: 'argument': conversion from 'float' to 'const int', possible loss of data
C:\Users\RobHa\Desktop\Uniwork\Year 3\CSC3095 - Dissertation\Code\Dissertation\CSC3223\Dissertation\DiamondSquare.cpp(128,41): warning C4244: 'argument': conversion from 'float' to 'const int', possible loss of data
C:\Users\RobHa\Desktop\Uniwork\Year 3\CSC3095 - Dissertation\Code\Dissertation\CSC3223\Dissertation\DiamondSquare.cpp(137,36): warning C4267: '=': conversion from 'size_t' to 'int', possible loss of data
C:\Users\RobHa\Desktop\Uniwork\Year 3\CSC3095 - Dissertation\Code\Dissertation\CSC3223\Dissertation\DiamondSquare.cpp(138,35): warning C4244: '=': conversion from 'double' to 'float', possible loss of data
  driver.cpp
C:\Users\RobHa\Desktop\Uniwork\Year 3\CSC3095 - Dissertation\Code\Dissertation\Common\MeshGeometry.h(48,1): warning C4267: 'return': conversion from 'size_t' to 'unsigned int', possible loss of data
C:\Users\RobHa\Desktop\Uniwork\Year 3\CSC3095 - Dissertation\Code\Dissertation\Common\MeshGeometry.h(52,1): warning C4267: 'return': conversion from 'size_t' to 'unsigned int', possible loss of data
C:\Users\RobHa\Desktop\Uniwork\Year 3\CSC3095 - Dissertation\Code\Dissertation\CSC3223\Dissertation\driver.cpp(36,11): warning C4244: 'initializing': conversion from 'double' to 'int', possible loss of data
C:\Users\RobHa\Desktop\Uniwork\Year 3\CSC3095 - Dissertation\Code\Dissertation\CSC3223\Dissertation\driver.cpp(128,11): warning C4244: 'initializing': conversion from 'double' to 'int', possible loss of data
  Generating Code...
  Dissertation.vcxproj -> C:\Users\RobHa\Desktop\Uniwork\Year 3\CSC3095 - Dissertation\Code\Dissertation\x64\Debug\Dissertation.exe
